<?xml version="1.0" encoding="UTF-8"?>
<!-- Generated by org.testng.reporters.JUnitReportReporter -->
<testsuite hostname="Sasi" failures="0" tests="1" name="Scripts.TeseCase1_1" time="53.302" errors="0" timestamp="2023-10-11T20:57:48 IST" skipped="0">
  <testcase classname="Scripts.TeseCase1_1" name="tc1" time="53.302"/>
</testsuite> <!-- Scripts.TeseCase1_1 -->
