<?xml version="1.0" encoding="UTF-8"?>
<!-- Generated by org.testng.reporters.JUnitReportReporter -->
<testsuite hostname="Sasi" failures="0" tests="1" name="Scripts.TestCase2" time="7.638" errors="0" timestamp="2023-10-11T20:29:29 IST" skipped="0">
  <testcase classname="Scripts.TestCase2" name="tc2" time="7.638"/>
</testsuite> <!-- Scripts.TestCase2 -->
